<?xml version="1.0" encoding="UTF-8"?>
<testng-results ignored="0" total="2" passed="2" failed="0" skipped="0">
  <reporter-output>
  </reporter-output>
  <suite started-at="2024-03-07T09:29:33 IST" name="Suite" finished-at="2024-03-07T09:30:28 IST" duration-ms="55415">
    <groups>
      <group name="regression">
        <method signature="TC_01_CreateAccountTest.test1()[pri:0, instance:testCases.TC_01_CreateAccountTest@5cbe877d]" name="test1" class="testCases.TC_01_CreateAccountTest"/>
      </group> <!-- regression -->
      <group name="sanity">
        <method signature="TC_02_LoginTest.test1()[pri:0, instance:testCases.TC_02_LoginTest@4bff64c2]" name="test1" class="testCases.TC_02_LoginTest"/>
      </group> <!-- sanity -->
      <group name="master">
        <method signature="TC_01_CreateAccountTest.test1()[pri:0, instance:testCases.TC_01_CreateAccountTest@5cbe877d]" name="test1" class="testCases.TC_01_CreateAccountTest"/>
        <method signature="TC_02_LoginTest.test1()[pri:0, instance:testCases.TC_02_LoginTest@4bff64c2]" name="test1" class="testCases.TC_02_LoginTest"/>
      </group> <!-- master -->
    </groups>
    <test started-at="2024-03-07T09:29:33 IST" name="Test" finished-at="2024-03-07T09:30:28 IST" duration-ms="55415">
      <class name="testCases.TC_02_LoginTest">
        <test-method is-config="true" signature="setup(java.lang.String,java.lang.String)[pri:0, instance:testCases.TC_02_LoginTest@4bff64c2]" started-at="2024-03-07T09:29:53 IST" name="setup" finished-at="2024-03-07T09:30:02 IST" duration-ms="8462" status="PASS">
          <params>
            <param index="0">
              <value>
                <![CDATA[Windows]]>
              </value>
            </param>
            <param index="1">
              <value>
                <![CDATA[chrome]]>
              </value>
            </param>
          </params>
          <reporter-output>
          </reporter-output>
        </test-method> <!-- setup -->
        <test-method signature="test1()[pri:0, instance:testCases.TC_02_LoginTest@4bff64c2]" started-at="2024-03-07T09:30:02 IST" name="test1" finished-at="2024-03-07T09:30:28 IST" duration-ms="25761" status="PASS">
          <reporter-output>
          </reporter-output>
        </test-method> <!-- test1 -->
        <test-method is-config="true" signature="tearDown()[pri:0, instance:testCases.TC_02_LoginTest@4bff64c2]" started-at="2024-03-07T09:30:28 IST" name="tearDown" finished-at="2024-03-07T09:30:28 IST" duration-ms="381" status="PASS">
          <reporter-output>
          </reporter-output>
        </test-method> <!-- tearDown -->
      </class> <!-- testCases.TC_02_LoginTest -->
      <class name="testCases.TC_01_CreateAccountTest">
        <test-method is-config="true" signature="setup(java.lang.String,java.lang.String)[pri:0, instance:testCases.TC_01_CreateAccountTest@5cbe877d]" started-at="2024-03-07T09:29:33 IST" name="setup" finished-at="2024-03-07T09:29:42 IST" duration-ms="9202" status="PASS">
          <params>
            <param index="0">
              <value>
                <![CDATA[Windows]]>
              </value>
            </param>
            <param index="1">
              <value>
                <![CDATA[chrome]]>
              </value>
            </param>
          </params>
          <reporter-output>
          </reporter-output>
        </test-method> <!-- setup -->
        <test-method signature="test1()[pri:0, instance:testCases.TC_01_CreateAccountTest@5cbe877d]" started-at="2024-03-07T09:29:42 IST" name="test1" finished-at="2024-03-07T09:29:53 IST" duration-ms="10870" status="PASS">
          <reporter-output>
          </reporter-output>
        </test-method> <!-- test1 -->
        <test-method is-config="true" signature="tearDown()[pri:0, instance:testCases.TC_01_CreateAccountTest@5cbe877d]" started-at="2024-03-07T09:29:53 IST" name="tearDown" finished-at="2024-03-07T09:29:53 IST" duration-ms="399" status="PASS">
          <reporter-output>
          </reporter-output>
        </test-method> <!-- tearDown -->
      </class> <!-- testCases.TC_01_CreateAccountTest -->
    </test> <!-- Test -->
  </suite> <!-- Suite -->
</testng-results>
