<?xml version="1.0" encoding="UTF-8"?>
<testsuite xmlns:xsi="http://www.w3.org/2001/XMLSchema-instance" xsi:noNamespaceSchemaLocation="https://maven.apache.org/surefire/maven-surefire-plugin/xsd/surefire-test-report-3.0.xsd" version="3.0" name="TestSuite" time="72.817" tests="2" errors="0" skipped="0" failures="0">
  <properties>
[...]
</properties>
  <testcase name="test1" classname="testCases.TC_01_CreateAccountTest" time="17.066">
    <system-out><![CDATA[10:05:07.148 [main] DEBUG org.testng.TestNG - suiteXmlPath: "C:\Users\ias28\eclipse-workspace\A3 Tarte_Hyb_Automation_Framework\final.xml"
10:05:24.771 [main] INFO  testCases.TC_01_CreateAccountTest - ***** Startig TC_001 Test ***** 
10:05:24.772 [main] DEBUG testCases.TC_01_CreateAccountTest - application logs.....
10:05:26.113 [main] INFO  testCases.TC_01_CreateAccountTest - Clicked on Accept button pop-up
10:05:33.577 [main] INFO  testCases.TC_01_CreateAccountTest - Clicked on not today btn
10:05:38.284 [main] INFO  testCases.TC_01_CreateAccountTest - Clicked on Account icon button
10:05:39.564 [main] INFO  testCases.TC_01_CreateAccountTest - Clicked on Create Account link
10:05:39.999 [main] INFO  testCases.TC_01_CreateAccountTest - Clicked on First name textbox and randomly Fname is generated
10:05:40.203 [main] INFO  testCases.TC_01_CreateAccountTest - Clicked on Last name textbox and randomly Lname is generated
10:05:40.599 [main] INFO  testCases.TC_01_CreateAccountTest - Clicked on BirthMonth dropdown and randomly selected a month
10:05:40.933 [main] INFO  testCases.TC_01_CreateAccountTest - Clicked on CxBirthday dropdown and randomly selected a day
10:05:41.236 [main] INFO  testCases.TC_01_CreateAccountTest - Clicked on Birthyear dropdown and randomly selected a year
10:05:41.363 [main] INFO  testCases.TC_01_CreateAccountTest - Clicked on Email textbox and randomly Email is generated
10:05:41.502 [main] INFO  testCases.TC_01_CreateAccountTest - Clicked on ConformEmail textbox and Email is conformed
10:05:41.622 [main] INFO  testCases.TC_01_CreateAccountTest - Clicked on Password textbox and randomly Password is generated
10:05:41.797 [main] INFO  testCases.TC_01_CreateAccountTest - Clicked on ConformPassword textbox and Password is conformed
10:05:41.798 [main] INFO  testCases.TC_01_CreateAccountTest - Clicked on create account button
10:05:41.798 [main] INFO  testCases.TC_01_CreateAccountTest - Congratulations your account is created sucessfully
10:05:41.798 [main] INFO  testCases.TC_01_CreateAccountTest - ***** Finished TC_01_CreateAccountTest *****
]]></system-out>
  </testcase>
  <testcase name="test1" classname="testCases.TC_02_LoginTest" time="27.383">
    <system-out><![CDATA[10:05:49.236 [main] INFO  testCases.TC_02_LoginTest - ***** Startig TC_001 Test ***** 
10:05:49.236 [main] DEBUG testCases.TC_02_LoginTest - application logs.....
10:05:50.964 [main] INFO  testCases.TC_02_LoginTest - Clicked on Accept button pop-up
10:05:53.580 [main] INFO  testCases.TC_02_LoginTest - Clicked on not today btn
10:05:57.900 [main] INFO  testCases.TC_02_LoginTest - Clicked on Account icon button
10:05:57.900 [main] INFO  testCases.TC_02_LoginTest - Entering valid email id....
10:05:58.779 [main] INFO  testCases.TC_02_LoginTest - Entering valid password..
10:05:59.320 [main] INFO  testCases.TC_02_LoginTest - Click on login btn
10:06:11.591 [main] INFO  testCases.TC_02_LoginTest - Hey! Abhishek login is sucessful
10:06:16.615 [main] INFO  testCases.TC_02_LoginTest - Hey! Abhishek you sucessfuly logout
10:06:16.616 [main] INFO  testCases.TC_02_LoginTest - ***** Finished TC_01_LoginTest ***** 
]]></system-out>
  </testcase>
</testsuite>