<?xml version="1.0" encoding="UTF-8"?>
<testng-results ignored="0" total="2" passed="2" failed="0" skipped="0">
  <reporter-output>
  </reporter-output>
  <suite started-at="2024-04-01T12:35:41 IST" name="Suite" finished-at="2024-04-01T12:36:43 IST" duration-ms="61515">
    <groups>
      <group name="regression">
        <method signature="TC_01_CreateAccountTest.test1()[pri:0, instance:testCases.TC_01_CreateAccountTest@2dca0d64]" name="test1" class="testCases.TC_01_CreateAccountTest"/>
      </group> <!-- regression -->
      <group name="sanity">
        <method signature="TC_02_LoginTest.test1()[pri:0, instance:testCases.TC_02_LoginTest@6e35bc3d]" name="test1" class="testCases.TC_02_LoginTest"/>
      </group> <!-- sanity -->
      <group name="master">
        <method signature="TC_01_CreateAccountTest.test1()[pri:0, instance:testCases.TC_01_CreateAccountTest@2dca0d64]" name="test1" class="testCases.TC_01_CreateAccountTest"/>
        <method signature="TC_02_LoginTest.test1()[pri:0, instance:testCases.TC_02_LoginTest@6e35bc3d]" name="test1" class="testCases.TC_02_LoginTest"/>
      </group> <!-- master -->
    </groups>
    <test started-at="2024-04-01T12:35:41 IST" name="Test" finished-at="2024-04-01T12:36:43 IST" duration-ms="61515">
      <class name="testCases.TC_02_LoginTest">
        <test-method is-config="true" signature="setup(java.lang.String,java.lang.String)[pri:0, instance:testCases.TC_02_LoginTest@6e35bc3d]" started-at="2024-04-01T12:36:06 IST" name="setup" finished-at="2024-04-01T12:36:16 IST" duration-ms="10063" status="PASS">
          <params>
            <param index="0">
              <value>
                <![CDATA[Windows]]>
              </value>
            </param>
            <param index="1">
              <value>
                <![CDATA[chrome]]>
              </value>
            </param>
          </params>
          <reporter-output>
          </reporter-output>
        </test-method> <!-- setup -->
        <test-method signature="test1()[pri:0, instance:testCases.TC_02_LoginTest@6e35bc3d]" started-at="2024-04-01T12:36:16 IST" name="test1" finished-at="2024-04-01T12:36:42 IST" duration-ms="26318" status="PASS">
          <reporter-output>
          </reporter-output>
        </test-method> <!-- test1 -->
        <test-method is-config="true" signature="tearDown()[pri:0, instance:testCases.TC_02_LoginTest@6e35bc3d]" started-at="2024-04-01T12:36:42 IST" name="tearDown" finished-at="2024-04-01T12:36:43 IST" duration-ms="301" status="PASS">
          <reporter-output>
          </reporter-output>
        </test-method> <!-- tearDown -->
      </class> <!-- testCases.TC_02_LoginTest -->
      <class name="testCases.TC_01_CreateAccountTest">
        <test-method is-config="true" signature="setup(java.lang.String,java.lang.String)[pri:0, instance:testCases.TC_01_CreateAccountTest@2dca0d64]" started-at="2024-04-01T12:35:41 IST" name="setup" finished-at="2024-04-01T12:35:50 IST" duration-ms="8818" status="PASS">
          <params>
            <param index="0">
              <value>
                <![CDATA[Windows]]>
              </value>
            </param>
            <param index="1">
              <value>
                <![CDATA[chrome]]>
              </value>
            </param>
          </params>
          <reporter-output>
          </reporter-output>
        </test-method> <!-- setup -->
        <test-method signature="test1()[pri:0, instance:testCases.TC_01_CreateAccountTest@2dca0d64]" started-at="2024-04-01T12:35:50 IST" name="test1" finished-at="2024-04-01T12:36:06 IST" duration-ms="15481" status="PASS">
          <reporter-output>
          </reporter-output>
        </test-method> <!-- test1 -->
        <test-method is-config="true" signature="tearDown()[pri:0, instance:testCases.TC_01_CreateAccountTest@2dca0d64]" started-at="2024-04-01T12:36:06 IST" name="tearDown" finished-at="2024-04-01T12:36:06 IST" duration-ms="194" status="PASS">
          <reporter-output>
          </reporter-output>
        </test-method> <!-- tearDown -->
      </class> <!-- testCases.TC_01_CreateAccountTest -->
    </test> <!-- Test -->
  </suite> <!-- Suite -->
</testng-results>
